# JRE version: Java(TM) SE Runtime Environment (8.0_111-b14) (build 1.8.0_111-b14)
# Java VM: Java HotSpot(TM) Client VM (25.111-b14 mixed mode windows-x86 )
Heap:
 def new generation   total 4928K, used 1497K [0x08600000, 0x08b50000, 0x0db50000)
  eden space 4416K,  22% used [0x08600000, 0x086f6550, 0x08a50000)
  from space 512K, 100% used [0x08a50000, 0x08ad0000, 0x08ad0000)
  to   space 512K,   0% used [0x08ad0000, 0x08ad0000, 0x08b50000)
 tenured generation   total 10944K, used 4924K [0x0db50000, 0x0e600000, 0x18600000)
   the space 10944K,  44% used [0x0db50000, 0x0e01f090, 0x0e01f200, 0x0e600000)
 Metaspace       used 6229K, capacity 6311K, committed 6400K, reserved 6528K
GC Heap History (10 events):
Event: 0.570 GC heap before
{Heap before GC invocations=3 (full 0):
 def new generation   total 4928K, used 4928K [0x08600000, 0x08b50000, 0x0db50000)
  eden space 4416K, 100% used [0x08600000, 0x08a50000, 0x08a50000)
  from space 512K, 100% used [0x08ad0000, 0x08b50000, 0x08b50000)
  to   space 512K,   0% used [0x08a50000, 0x08a50000, 0x08ad0000)
 tenured generation   total 10944K, used 3129K [0x0db50000, 0x0e600000, 0x18600000)
   the space 10944K,  28% used [0x0db50000, 0x0de5e4f8, 0x0de5e600, 0x0e600000)
 Metaspace       used 4773K, capacity 4807K, committed 4864K, reserved 5504K
Event: 0.571 GC heap after
Heap after GC invocations=4 (full 0):
 def new generation   total 4928K, used 510K [0x08600000, 0x08b50000, 0x0db50000)
  eden space 4416K,   0% used [0x08600000, 0x08600000, 0x08a50000)
  from space 512K,  99% used [0x08a50000, 0x08acf9e0, 0x08ad0000)
  to   space 512K,   0% used [0x08ad0000, 0x08ad0000, 0x08b50000)
 tenured generation   total 10944K, used 3657K [0x0db50000, 0x0e600000, 0x18600000)
   the space 10944K,  33% used [0x0db50000, 0x0dee2410, 0x0dee2600, 0x0e600000)
 Metaspace       used 4773K, capacity 4807K, committed 4864K, reserved 5504K
}
Event: 10.377 GC heap before
{Heap before GC invocations=4 (full 0):
 def new generation   total 4928K, used 4918K [0x08600000, 0x08b50000, 0x0db50000)
  eden space 4416K,  99% used [0x08600000, 0x08a4e1e8, 0x08a50000)
  from space 512K,  99% used [0x08a50000, 0x08acf9e0, 0x08ad0000)
  to   space 512K,   0% used [0x08ad0000, 0x08ad0000, 0x08b50000)
 tenured generation   total 10944K, used 3657K [0x0db50000, 0x0e600000, 0x18600000)
   the space 10944K,  33% used [0x0db50000, 0x0dee2410, 0x0dee2600, 0x0e600000)
 Metaspace       used 5358K, capacity 5415K, committed 5504K, reserved 5504K
Event: 10.379 GC heap after
Heap after GC invocations=5 (full 0):
 def new generation   total 4928K, used 512K [0x08600000, 0x08b50000, 0x0db50000)
  eden space 4416K,   0% used [0x08600000, 0x08600000, 0x08a50000)
  from space 512K, 100% used [0x08ad0000, 0x08b50000, 0x08b50000)
  to   space 512K,   0% used [0x08a50000, 0x08a50000, 0x08ad0000)
 tenured generation   total 10944K, used 3854K [0x0db50000, 0x0e600000, 0x18600000)
   the space 10944K,  35% used [0x0db50000, 0x0df13bc0, 0x0df13c00, 0x0e600000)
 Metaspace       used 5358K, capacity 5415K, committed 5504K, reserved 5504K
}
Event: 10.602 GC heap before
{Heap before GC invocations=5 (full 0):
 def new generation   total 4928K, used 4928K [0x08600000, 0x08b50000, 0x0db50000)
  eden space 4416K, 100% used [0x08600000, 0x08a50000, 0x08a50000)
  from space 512K, 100% used [0x08ad0000, 0x08b50000, 0x08b50000)
  to   space 512K,   0% used [0x08a50000, 0x08a50000, 0x08ad0000)
 tenured generation   total 10944K, used 3854K [0x0db50000, 0x0e600000, 0x18600000)
   the space 10944K,  35% used [0x0db50000, 0x0df13bc0, 0x0df13c00, 0x0e600000)
 Metaspace       used 5833K, capacity 5895K, committed 6016K, reserved 6528K
Event: 10.603 GC heap after
Heap after GC invocations=6 (full 0):
 def new generation   total 4928K, used 512K [0x08600000, 0x08b50000, 0x0db50000)
  eden space 4416K,   0% used [0x08600000, 0x08600000, 0x08a50000)
  from space 512K, 100% used [0x08a50000, 0x08ad0000, 0x08ad0000)
  to   space 512K,   0% used [0x08ad0000, 0x08ad0000, 0x08b50000)
 tenured generation   total 10944K, used 4371K [0x0db50000, 0x0e600000, 0x18600000)
   the space 10944K,  39% used [0x0db50000, 0x0df94d80, 0x0df94e00, 0x0e600000)
 Metaspace       used 5833K, capacity 5895K, committed 6016K, reserved 6528K
}
Event: 11.624 GC heap before
{Heap before GC invocations=6 (full 0):
 def new generation   total 4928K, used 4928K [0x08600000, 0x08b50000, 0x0db50000)
  eden space 4416K, 100% used [0x08600000, 0x08a50000, 0x08a50000)
  from space 512K, 100% used [0x08a50000, 0x08ad0000, 0x08ad0000)
  to   space 512K,   0% used [0x08ad0000, 0x08ad0000, 0x08b50000)
 tenured generation   total 10944K, used 4371K [0x0db50000, 0x0e600000, 0x18600000)
   the space 10944K,  39% used [0x0db50000, 0x0df94d80, 0x0df94e00, 0x0e600000)
 Metaspace       used 5975K, capacity 6055K, committed 6144K, reserved 6528K
Event: 11.626 GC heap after
Heap after GC invocations=7 (full 0):
 def new generation   total 4928K, used 332K [0x08600000, 0x08b50000, 0x0db50000)
  eden space 4416K,   0% used [0x08600000, 0x08600000, 0x08a50000)
  from space 512K,  64% used [0x08ad0000, 0x08b23220, 0x08b50000)
  to   space 512K,   0% used [0x08a50000, 0x08a50000, 0x08ad0000)
 tenured generation   total 10944K, used 4806K [0x0db50000, 0x0e600000, 0x18600000)
   the space 10944K,  43% used [0x0db50000, 0x0e0018d8, 0x0e001a00, 0x0e600000)
 Metaspace       used 5975K, capacity 6055K, committed 6144K, reserved 6528K
}
Event: 741.003 GC heap before
{Heap before GC invocations=7 (full 0):
 def new generation   total 4928K, used 4748K [0x08600000, 0x08b50000, 0x0db50000)
  eden space 4416K, 100% used [0x08600000, 0x08a50000, 0x08a50000)
  from space 512K,  64% used [0x08ad0000, 0x08b23220, 0x08b50000)
  to   space 512K,   0% used [0x08a50000, 0x08a50000, 0x08ad0000)
 tenured generation   total 10944K, used 4806K [0x0db50000, 0x0e600000, 0x18600000)
   the space 10944K,  43% used [0x0db50000, 0x0e0018d8, 0x0e001a00, 0x0e600000)
 Metaspace       used 6190K, capacity 6279K, committed 6400K, reserved 6528K
Event: 741.006 GC heap after
Heap after GC invocations=8 (full 0):
 def new generation   total 4928K, used 512K [0x08600000, 0x08b50000, 0x0db50000)
  eden space 4416K,   0% used [0x08600000, 0x08600000, 0x08a50000)
  from space 512K, 100% used [0x08a50000, 0x08ad0000, 0x08ad0000)
  to   space 512K,   0% used [0x08ad0000, 0x08ad0000, 0x08b50000)
 tenured generation   total 10944K, used 4924K [0x0db50000, 0x0e600000, 0x18600000)
   the space 10944K,  44% used [0x0db50000, 0x0e01f090, 0x0e01f200, 0x0e600000)
 Metaspace       used 6190K, capacity 6279K, committed 6400K, reserved 6528K
}

